La génération a démarré 18/03/2015 02:41:24.
     1>Projet "C:\Users\Sylvain\workspace\SiftPreesm\Code\bin\VS_main\sobel.vcxproj" sur le nœud 2 (Build cible(s)).
     1>ClCompile:
         C:\Program Files (x86)\Microsoft Visual Studio 12.0\VC\bin\CL.exe /c /I"C:\Users\Sylvain\workspace\SiftPreesm\Code\lib\pthread-2.8.0\include" /IC:\Users\Sylvain\workspace\SiftPreesm\Code\include /I"C:\Users\Sylvain\workspace\SiftPreesm\Code\lib\SDL-1.2.15\include" /Zi /nologo /W1 /WX- /Od /Ob0 /Oy- /D X1_CORE /D _DEBUG /D "CMAKE_INTDIR=\"Debug\"" /D _MBCS /Gm- /RTC1 /MDd /GS /fp:precise /Zc:wchar_t /Zc:forScope /Fo"sobel.dir\Debug\\" /Fd"sobel.dir\Debug\vc120.pdb" /Gd /TC /analyze- /errorReport:prompt  -std=c99 ..\..\generated\Core0.c ..\..\src\DoG.c ..\..\src\buildOB.c ..\..\src\buildSS.c ..\..\src\communication.c ..\..\src\extreme.c ..\..\src\img_io.c ..\..\src\keypoint.c ..\..\src\main.c ..\..\src\ori.c ..\..\src\render.c ..\..\src\sift.c ..\..\src\yuvRead.c
     1>cl : Ligne de commande warning D9002: option '-std=c99' inconnue ignorée
         Core0.c
     1>..\..\generated\Core0.c(52): error C2143: erreur de syntaxe : absence de '{' avant '*'
     1>..\..\generated\Core0.c(52): error C2059: erreur de syntaxe : '<cv-qualifer>'
     1>..\..\generated\Core0.c(70): error C2143: erreur de syntaxe : absence de '{' avant '*'
     1>..\..\generated\Core0.c(70): error C2059: erreur de syntaxe : '<cv-qualifer>'
     1>..\..\generated\Core0.c(122): error C2065: 'keyPointList__keyPointList__0' : identificateur non déclaré
     1>..\..\generated\Core0.c(123): error C2065: 'keyPointList__keyPointList__0' : identificateur non déclaré
     1>..\..\generated\Core0.c(123): error C2065: 'keyPointListCP__keyPointList__0' : identificateur non déclaré
     1>..\..\generated\Core0.c(124): error C2065: 'keyPointListCP__keyPointList__0' : identificateur non déclaré
         DoG.c
         buildOB.c
         buildSS.c
         communication.c
         extreme.c
         img_io.c
         keypoint.c
         main.c
         ori.c
         render.c
         sift.c
     1>..\..\src\sift.c(46): warning C4133: 'fonction' : types incompatibles - de 'float [3649536]' à 'int *'
     1>..\..\src\sift.c(46): warning C4133: 'fonction' : types incompatibles - de 'int [6]' à 'float *'
     1>..\..\src\sift.c(46): warning C4020: 'buildSS' : paramètres réels trop nombreux
         yuvRead.c
     1>..\..\src\yuvRead.c(69): error C2065: 'xsize' : identificateur non déclaré
     1>..\..\src\yuvRead.c(69): error C2065: 'ysize' : identificateur non déclaré
     1>..\..\src\yuvRead.c(70): error C2065: 'xsize' : identificateur non déclaré
     1>..\..\src\yuvRead.c(70): error C2065: 'ysize' : identificateur non déclaré
         Génération de code en cours...
     1>Génération du projet "C:\Users\Sylvain\workspace\SiftPreesm\Code\bin\VS_main\sobel.vcxproj" terminée (Build cible(s)) -- ÉCHEC.

ÉCHEC de la build.

Temps écoulé 00:00:03.59
